#
# There is insufficient memory for the Java Runtime Environment to continue.
# Native memory allocation (malloc) failed to allocate 471520 bytes. Error detail: Chunk::new
# Possible reasons:
#   The system is out of physical RAM or swap space
#   This process is running with CompressedOops enabled, and the Java Heap may be blocking the growth of the native heap
# Possible solutions:
#   Reduce memory load on the system
#   Increase physical memory or swap space
#   Check if swap backing store is full
#   Decrease Java heap size (-Xmx/-Xms)
#   Decrease number of Java threads
#   Decrease Java thread stack sizes (-Xss)
#   Set larger code cache with -XX:ReservedCodeCacheSize=
#   JVM is running with Unscaled Compressed Oops mode in which the Java heap is
#     placed in the first 4GB address space. The Java Heap base address is the
#     maximum limit for the native heap growth. Please use -XX:HeapBaseMinAddress
#     to set the Java Heap base and to place the Java Heap above 4GB virtual address.
# This output file may be truncated or incomplete.
#
#  Out of Memory Error (arena.cpp:191), pid=23348, tid=26976
#
# JRE version: OpenJDK Runtime Environment Temurin-17.0.11+9 (17.0.11+9) (build 17.0.11+9)
# Java VM: OpenJDK 64-Bit Server VM Temurin-17.0.11+9 (17.0.11+9, mixed mode, tiered, compressed oops, compressed class ptrs, parallel gc, windows-amd64)
# No core dump will be written. Minidumps are not enabled by default on client versions of Windows
#

---------------  S U M M A R Y ------------

Command Line: --add-modules=ALL-SYSTEM --add-opens=java.base/java.util=ALL-UNNAMED --add-opens=java.base/java.lang=ALL-UNNAMED --add-opens=java.base/sun.nio.fs=ALL-UNNAMED -Declipse.application=org.eclipse.jdt.ls.core.id1 -Dosgi.bundles.defaultStartLevel=4 -Declipse.product=org.eclipse.jdt.ls.core.product -Djava.import.generatesMetadataFilesAtProjectRoot=false -DDetectVMInstallationsJob.disabled=true -Dfile.encoding=utf8 -XX:+UseParallelGC -XX:GCTimeRatio=4 -XX:AdaptiveSizePolicyWeight=90 -Dsun.zip.disableMemoryMapping=true -Xmx1G -Xms100m -Xlog:disable -javaagent:c:\Users\ananda_riza\.vscode\extensions\redhat.java-1.31.0-win32-x64\lombok\lombok-1.18.32.jar c:\Users\ananda_riza\.vscode\extensions\redhat.java-1.31.0-win32-x64\server\plugins\org.eclipse.equinox.launcher_1.6.800.v20240513-1750.jar -configuration c:\Users\ananda_riza\AppData\Roaming\Code\User\globalStorage\redhat.java\1.31.0\config_ss_win -data c:\Users\ananda_riza\AppData\Roaming\Code\User\workspaceStorage\7f9076c6b095cb1f4aff492e75ecf402\redhat.java\ss_ws --pipe=\\.\pipe\lsp-83795c1f01ff664faa73ad952d92e295-sock

Host: 12th Gen Intel(R) Core(TM) i5-12400, 12 cores, 7G,  Windows 10 , 64 bit Build 19041 (10.0.19041.3636)
Time: Wed Jun  5 14:51:58 2024 SE Asia Standard Time elapsed time: 1.378173 seconds (0d 0h 0m 1s)

---------------  T H R E A D  ---------------

Current thread (0x00000213692c6760):  JavaThread "C2 CompilerThread0" daemon [_thread_in_native, id=26976, stack(0x000000b0fa500000,0x000000b0fa600000)]


Current CompileTask:
C2:   1378 1827       4       java.io.DataInputStream::readUTF (501 bytes)

Stack: [0x000000b0fa500000,0x000000b0fa600000]
Native frames: (J=compiled Java code, j=interpreted, Vv=VM code, C=native code)
V  [jvm.dll+0x67d429]
V  [jvm.dll+0x834b7a]
V  [jvm.dll+0x83663e]
V  [jvm.dll+0x836ca3]
V  [jvm.dll+0x247dbf]
V  [jvm.dll+0xac534]
V  [jvm.dll+0xacb7c]
V  [jvm.dll+0x366647]
V  [jvm.dll+0x330bba]
V  [jvm.dll+0x33005a]
V  [jvm.dll+0x21a471]
V  [jvm.dll+0x2198b1]
V  [jvm.dll+0x1a534d]
V  [jvm.dll+0x2295cd]
V  [jvm.dll+0x22779c]
V  [jvm.dll+0x7e9d07]
V  [jvm.dll+0x7e410a]
V  [jvm.dll+0x67c315]
C  [ucrtbase.dll+0x21bb2]
C  [KERNEL32.DLL+0x17344]
C  [ntdll.dll+0x526b1]


---------------  P R O C E S S  ---------------

Threads class SMR info:
_java_thread_list=0x000002136b3e8b70, length=17, elements={
0x000002134e1f6280, 0x000002134e2a7500, 0x0000021363fdc6e0, 0x000002134e2aa9b0,
0x000002134e2ab540, 0x000002134e2ac0d0, 0x00000213692bc480, 0x00000213692c6760,
0x00000213692c7070, 0x00000213692c7980, 0x0000021369330d10, 0x00000213695e8930,
0x000002136ad89460, 0x000002136ad20030, 0x000002136ae020a0, 0x000002136aeac8d0,
0x000002136b3cf300
}

Java Threads: ( => current thread )
  0x000002134e1f6280 JavaThread "main" [_thread_blocked, id=11860, stack(0x000000b0f9c00000,0x000000b0f9d00000)]
  0x000002134e2a7500 JavaThread "Reference Handler" daemon [_thread_blocked, id=868, stack(0x000000b0f9f00000,0x000000b0fa000000)]
  0x0000021363fdc6e0 JavaThread "Finalizer" daemon [_thread_blocked, id=20560, stack(0x000000b0fa000000,0x000000b0fa100000)]
  0x000002134e2aa9b0 JavaThread "Signal Dispatcher" daemon [_thread_blocked, id=10796, stack(0x000000b0fa100000,0x000000b0fa200000)]
  0x000002134e2ab540 JavaThread "Attach Listener" daemon [_thread_blocked, id=18008, stack(0x000000b0fa200000,0x000000b0fa300000)]
  0x000002134e2ac0d0 JavaThread "Service Thread" daemon [_thread_blocked, id=26380, stack(0x000000b0fa300000,0x000000b0fa400000)]
  0x00000213692bc480 JavaThread "Monitor Deflation Thread" daemon [_thread_blocked, id=9692, stack(0x000000b0fa400000,0x000000b0fa500000)]
=>0x00000213692c6760 JavaThread "C2 CompilerThread0" daemon [_thread_in_native, id=26976, stack(0x000000b0fa500000,0x000000b0fa600000)]
  0x00000213692c7070 JavaThread "C1 CompilerThread0" daemon [_thread_blocked, id=10836, stack(0x000000b0fa600000,0x000000b0fa700000)]
  0x00000213692c7980 JavaThread "Sweeper thread" daemon [_thread_blocked, id=26620, stack(0x000000b0fa700000,0x000000b0fa800000)]
  0x0000021369330d10 JavaThread "Common-Cleaner" daemon [_thread_blocked, id=33652, stack(0x000000b0fa800000,0x000000b0fa900000)]
  0x00000213695e8930 JavaThread "Notification Thread" daemon [_thread_blocked, id=16528, stack(0x000000b0fa900000,0x000000b0faa00000)]
  0x000002136ad89460 JavaThread "Active Thread: Equinox Container: cdfd2dd7-e233-4600-afa0-313ad239a2ec" [_thread_blocked, id=12944, stack(0x000000b0fb100000,0x000000b0fb200000)]
  0x000002136ad20030 JavaThread "Framework Event Dispatcher: Equinox Container: cdfd2dd7-e233-4600-afa0-313ad239a2ec" daemon [_thread_blocked, id=9120, stack(0x000000b0fb200000,0x000000b0fb300000)]
  0x000002136ae020a0 JavaThread "Start Level: Equinox Container: cdfd2dd7-e233-4600-afa0-313ad239a2ec" daemon [_thread_in_vm, id=10464, stack(0x000000b0fb300000,0x000000b0fb400000)]
  0x000002136aeac8d0 JavaThread "SCR Component Actor" daemon [_thread_blocked, id=26428, stack(0x000000b0fb400000,0x000000b0fb500000)]
  0x000002136b3cf300 JavaThread "SCR Component Registry" daemon [_thread_blocked, id=4648, stack(0x000000b0fb600000,0x000000b0fb700000)]

Other Threads:
  0x000002134e27bb00 VMThread "VM Thread" [stack: 0x000000b0f9e00000,0x000000b0f9f00000] [id=32036]
  0x000002136a845820 WatcherThread [stack: 0x000000b0faa00000,0x000000b0fab00000] [id=9308]
  0x000002134e20bd70 GCTaskThread "GC Thread#0" [stack: 0x000000b0f9d00000,0x000000b0f9e00000] [id=23460]
  0x000002136b02e440 GCTaskThread "GC Thread#1" [stack: 0x000000b0fab00000,0x000000b0fac00000] [id=10676]
  0x000002136b02eb10 GCTaskThread "GC Thread#2" [stack: 0x000000b0fac00000,0x000000b0fad00000] [id=31348]
  0x000002136ae0c290 GCTaskThread "GC Thread#3" [stack: 0x000000b0fad00000,0x000000b0fae00000] [id=1444]
  0x000002136ae0c550 GCTaskThread "GC Thread#4" [stack: 0x000000b0fae00000,0x000000b0faf00000] [id=11064]
  0x000002136ae0cc10 GCTaskThread "GC Thread#5" [stack: 0x000000b0faf00000,0x000000b0fb000000] [id=25404]
  0x000002136ae0ced0 GCTaskThread "GC Thread#6" [stack: 0x000000b0fb000000,0x000000b0fb100000] [id=6924]
  0x000002136a992ba0 GCTaskThread "GC Thread#7" [stack: 0x000000b0fb500000,0x000000b0fb600000] [id=1676]

Threads with active compile tasks:
C2 CompilerThread0     1405 1827       4       java.io.DataInputStream::readUTF (501 bytes)

VM state: not at safepoint (normal execution)

VM Mutex/Monitor currently owned by a thread:  ([mutex/lock_event])
[0x000002134e1f1540] MultiArray_lock - owner thread: 0x0000000000000000

Heap address: 0x00000000c0000000, size: 1024 MB, Compressed Oops mode: 32-bit

CDS archive(s) not mapped
Compressed class space mapped at: 0x0000000100000000-0x0000000140000000, reserved size: 1073741824
Narrow klass base: 0x0000000000000000, Narrow klass shift: 3, Narrow klass range: 0x140000000

GC Precious Log:
 CPUs: 12 total, 12 available
 Memory: 7907M
 Large Page Support: Disabled
 NUMA Support: Disabled
 Compressed Oops: Enabled (32-bit)
 Alignments: Space 512K, Generation 512K, Heap 2M
 Heap Min Capacity: 100M
 Heap Initial Capacity: 100M
 Heap Max Capacity: 1G
 Pre-touch: Disabled
 Parallel Workers: 10

Heap:
 PSYoungGen      total 29696K, used 19388K [0x00000000eab00000, 0x00000000ecc00000, 0x0000000100000000)
  eden space 25600K, 59% used [0x00000000eab00000,0x00000000eb9f4a20,0x00000000ec400000)
  from space 4096K, 99% used [0x00000000ec800000,0x00000000ecbfa778,0x00000000ecc00000)
  to   space 4096K, 0% used [0x00000000ec400000,0x00000000ec400000,0x00000000ec800000)
 ParOldGen       total 68608K, used 726K [0x00000000c0000000, 0x00000000c4300000, 0x00000000eab00000)
  object space 68608K, 1% used [0x00000000c0000000,0x00000000c00b5b60,0x00000000c4300000)
 Metaspace       used 17692K, committed 18112K, reserved 1114112K
  class space    used 1813K, committed 1984K, reserved 1048576K

Card table byte_map: [0x0000021361850000,0x0000021361a60000] _byte_map_base: 0x0000021361250000

Marking Bits: (ParMarkBitMap*) 0x00007fffac33d820
 Begin Bits: [0x0000021361bc0000, 0x0000021362bc0000)
 End Bits:   [0x0000021362bc0000, 0x0000021363bc0000)

Polling page: 0x000002134e2b0000

Metaspace:

Usage:
  Non-class:     15.51 MB used.
      Class:      1.77 MB used.
       Both:     17.28 MB used.

Virtual space:
  Non-class space:       64.00 MB reserved,      15.75 MB ( 25%) committed,  1 nodes.
      Class space:        1.00 GB reserved,       1.94 MB ( <1%) committed,  1 nodes.
             Both:        1.06 GB reserved,      17.69 MB (  2%) committed. 

Chunk freelists:
   Non-Class:  176.00 KB
       Class:  14.02 MB
        Both:  14.19 MB

MaxMetaspaceSize: unlimited
CompressedClassSpaceSize: 1.00 GB
Initial GC threshold: 21.00 MB
Current GC threshold: 21.00 MB
CDS: off
MetaspaceReclaimPolicy: balanced
 - commit_granule_bytes: 65536.
 - commit_granule_words: 8192.
 - virtual_space_node_default_size: 8388608.
 - enlarge_chunks_in_place: 1.
 - new_chunks_are_fully_committed: 0.
 - uncommit_free_chunks: 1.
 - use_allocation_guard: 0.
 - handle_deallocations: 1.


Internal statistics:

num_allocs_failed_limit: 0.
num_arena_births: 164.
num_arena_deaths: 0.
num_vsnodes_births: 2.
num_vsnodes_deaths: 0.
num_space_committed: 283.
num_space_uncommitted: 0.
num_chunks_returned_to_freelist: 0.
num_chunks_taken_from_freelist: 511.
num_chunk_merges: 0.
num_chunk_splits: 326.
num_chunks_enlarged: 235.
num_inconsistent_stats: 0.

CodeHeap 'non-profiled nmethods': size=120000Kb used=676Kb max_used=676Kb free=119324Kb
 bounds [0x000002135a130000, 0x000002135a3a0000, 0x0000021361660000]
CodeHeap 'profiled nmethods': size=120000Kb used=3586Kb max_used=3586Kb free=116413Kb
 bounds [0x0000021352660000, 0x00000213529f0000, 0x0000021359b90000]
CodeHeap 'non-nmethods': size=5760Kb used=1173Kb max_used=1191Kb free=4586Kb
 bounds [0x0000021359b90000, 0x0000021359e00000, 0x000002135a130000]
 total_blobs=2333 nmethods=1862 adapters=385
 compilation: enabled
              stopped_count=0, restarted_count=0
 full_count=0

Compilation events (20 events):
Event: 1.372 Thread 0x00000213692c7070 nmethod 1832 0x00000213529c8f10 code [0x00000213529c91a0, 0x00000213529c9eb8]
Event: 1.372 Thread 0x00000213692c7070 1833       3       org.eclipse.osgi.framework.util.CaseInsensitiveDictionaryMap::put (77 bytes)
Event: 1.373 Thread 0x00000213692c7070 nmethod 1833 0x00000213529ca390 code [0x00000213529ca620, 0x00000213529cb418]
Event: 1.373 Thread 0x00000213692c7070 1834       3       org.eclipse.osgi.framework.eventmgr.CopyOnWriteIdentityMap::isEmpty (11 bytes)
Event: 1.373 Thread 0x00000213692c7070 nmethod 1834 0x00000213529cb810 code [0x00000213529cb9c0, 0x00000213529cbbd8]
Event: 1.373 Thread 0x00000213692c7070 1835       3       org.eclipse.osgi.framework.eventmgr.CopyOnWriteIdentityMap::size (6 bytes)
Event: 1.373 Thread 0x00000213692c7070 nmethod 1835 0x00000213529cbd10 code [0x00000213529cbea0, 0x00000213529cbfd8]
Event: 1.373 Thread 0x00000213692c7070 1836       3       java.lang.Integer::compare (20 bytes)
Event: 1.373 Thread 0x00000213692c7070 nmethod 1836 0x00000213529cc090 code [0x00000213529cc240, 0x00000213529cc418]
Event: 1.373 Thread 0x00000213692c7070 1837       3       java.lang.invoke.MethodHandleNatives::refKindHasReceiver (33 bytes)
Event: 1.374 Thread 0x00000213692c7070 nmethod 1837 0x00000213529cc490 code [0x00000213529cc620, 0x00000213529cc778]
Event: 1.374 Thread 0x00000213692c7070 1839       3       jdk.internal.org.objectweb.asm.MethodWriter::visitTypeInsn (116 bytes)
Event: 1.374 Thread 0x00000213692c7070 nmethod 1839 0x00000213529cc810 code [0x00000213529cca00, 0x00000213529cce08]
Event: 1.374 Thread 0x00000213692c7070 1840       3       java.lang.invoke.LambdaFormEditor$TransformKey::bval (26 bytes)
Event: 1.374 Thread 0x00000213692c7070 nmethod 1840 0x00000213529cd010 code [0x00000213529cd1a0, 0x00000213529cd298]
Event: 1.374 Thread 0x00000213692c7070 1841       3       jdk.internal.org.objectweb.asm.SymbolTable::addTypeInternal (85 bytes)
Event: 1.375 Thread 0x00000213692c7070 nmethod 1841 0x00000213529cd310 code [0x00000213529cd4e0, 0x00000213529cda38]
Event: 1.375 Thread 0x00000213692c7070 1842   !   3       java.lang.invoke.MemberName::getFieldType (176 bytes)
Event: 1.376 Thread 0x00000213692c7070 nmethod 1842 0x00000213529cdc10 code [0x00000213529cdf40, 0x00000213529cf418]
Event: 1.376 Thread 0x00000213692c7070 1843       3       java.lang.invoke.InvokerBytecodeGenerator::storeInsnOpcode (98 bytes)

GC Heap History (4 events):
Event: 0.760 GC heap before
{Heap before GC invocations=1 (full 0):
 PSYoungGen      total 29696K, used 25600K [0x00000000eab00000, 0x00000000ecc00000, 0x0000000100000000)
  eden space 25600K, 100% used [0x00000000eab00000,0x00000000ec400000,0x00000000ec400000)
  from space 4096K, 0% used [0x00000000ec800000,0x00000000ec800000,0x00000000ecc00000)
  to   space 4096K, 0% used [0x00000000ec400000,0x00000000ec400000,0x00000000ec800000)
 ParOldGen       total 68608K, used 0K [0x00000000c0000000, 0x00000000c4300000, 0x00000000eab00000)
  object space 68608K, 0% used [0x00000000c0000000,0x00000000c0000000,0x00000000c4300000)
 Metaspace       used 10993K, committed 11200K, reserved 1114112K
  class space    used 1096K, committed 1216K, reserved 1048576K
}
Event: 0.765 GC heap after
{Heap after GC invocations=1 (full 0):
 PSYoungGen      total 29696K, used 3172K [0x00000000eab00000, 0x00000000ecc00000, 0x0000000100000000)
  eden space 25600K, 0% used [0x00000000eab00000,0x00000000eab00000,0x00000000ec400000)
  from space 4096K, 77% used [0x00000000ec400000,0x00000000ec719278,0x00000000ec800000)
  to   space 4096K, 0% used [0x00000000ec800000,0x00000000ec800000,0x00000000ecc00000)
 ParOldGen       total 68608K, used 16K [0x00000000c0000000, 0x00000000c4300000, 0x00000000eab00000)
  object space 68608K, 0% used [0x00000000c0000000,0x00000000c0004000,0x00000000c4300000)
 Metaspace       used 10993K, committed 11200K, reserved 1114112K
  class space    used 1096K, committed 1216K, reserved 1048576K
}
Event: 1.124 GC heap before
{Heap before GC invocations=2 (full 0):
 PSYoungGen      total 29696K, used 28772K [0x00000000eab00000, 0x00000000ecc00000, 0x0000000100000000)
  eden space 25600K, 100% used [0x00000000eab00000,0x00000000ec400000,0x00000000ec400000)
  from space 4096K, 77% used [0x00000000ec400000,0x00000000ec719278,0x00000000ec800000)
  to   space 4096K, 0% used [0x00000000ec800000,0x00000000ec800000,0x00000000ecc00000)
 ParOldGen       total 68608K, used 16K [0x00000000c0000000, 0x00000000c4300000, 0x00000000eab00000)
  object space 68608K, 0% used [0x00000000c0000000,0x00000000c0004000,0x00000000c4300000)
 Metaspace       used 14649K, committed 14784K, reserved 1114112K
  class space    used 1482K, committed 1536K, reserved 1048576K
}
Event: 1.128 GC heap after
{Heap after GC invocations=2 (full 0):
 PSYoungGen      total 29696K, used 4073K [0x00000000eab00000, 0x00000000ecc00000, 0x0000000100000000)
  eden space 25600K, 0% used [0x00000000eab00000,0x00000000eab00000,0x00000000ec400000)
  from space 4096K, 99% used [0x00000000ec800000,0x00000000ecbfa778,0x00000000ecc00000)
  to   space 4096K, 0% used [0x00000000ec400000,0x00000000ec400000,0x00000000ec800000)
 ParOldGen       total 68608K, used 726K [0x00000000c0000000, 0x00000000c4300000, 0x00000000eab00000)
  object space 68608K, 1% used [0x00000000c0000000,0x00000000c00b5b60,0x00000000c4300000)
 Metaspace       used 14649K, committed 14784K, reserved 1114112K
  class space    used 1482K, committed 1536K, reserved 1048576K
}

Dll operation events (9 events):
Event: 0.023 Loaded shared library c:\Users\ananda_riza\.vscode\extensions\redhat.java-1.31.0-win32-x64\jre\17.0.11-win32-x86_64\bin\java.dll
Event: 0.269 Loaded shared library c:\Users\ananda_riza\.vscode\extensions\redhat.java-1.31.0-win32-x64\jre\17.0.11-win32-x86_64\bin\zip.dll
Event: 0.272 Loaded shared library C:\Users\ananda_riza\.vscode\extensions\redhat.java-1.31.0-win32-x64\jre\17.0.11-win32-x86_64\bin\instrument.dll
Event: 0.287 Loaded shared library C:\Users\ananda_riza\.vscode\extensions\redhat.java-1.31.0-win32-x64\jre\17.0.11-win32-x86_64\bin\net.dll
Event: 0.290 Loaded shared library C:\Users\ananda_riza\.vscode\extensions\redhat.java-1.31.0-win32-x64\jre\17.0.11-win32-x86_64\bin\nio.dll
Event: 0.301 Loaded shared library C:\Users\ananda_riza\.vscode\extensions\redhat.java-1.31.0-win32-x64\jre\17.0.11-win32-x86_64\bin\zip.dll
Event: 0.323 Loaded shared library C:\Users\ananda_riza\.vscode\extensions\redhat.java-1.31.0-win32-x64\jre\17.0.11-win32-x86_64\bin\jimage.dll
Event: 0.400 Loaded shared library c:\Users\ananda_riza\.vscode\extensions\redhat.java-1.31.0-win32-x64\jre\17.0.11-win32-x86_64\bin\verify.dll
Event: 1.055 Loaded shared library C:\Users\ananda_riza\AppData\Roaming\Code\User\globalStorage\redhat.java\1.31.0\config_ss_win\org.eclipse.equinox.launcher\org.eclipse.equinox.launcher.win32.win32.x86_64_1.2.1000.v20240507-1834\eclipse_11902.dll

Deoptimization events (20 events):
Event: 1.304 Thread 0x000002136ae020a0 Uncommon trap: trap_request=0xffffffde fr.pc=0x000002135a191bb8 relative=0x00000000000013b8
Event: 1.304 Thread 0x000002136ae020a0 Uncommon trap: reason=class_check action=maybe_recompile pc=0x000002135a191bb8 method=java.io.DataInputStream.readUnsignedShort()I @ 6 c2
Event: 1.304 Thread 0x000002136ae020a0 DEOPT PACKING pc=0x000002135a191bb8 sp=0x000000b0fb3fb470
Event: 1.304 Thread 0x000002136ae020a0 DEOPT UNPACKING pc=0x0000021359be66a3 sp=0x000000b0fb3fb3f0 mode 2
Event: 1.304 Thread 0x000002136ae020a0 Uncommon trap: trap_request=0xffffffde fr.pc=0x000002135a195bb4 relative=0x0000000000000294
Event: 1.304 Thread 0x000002136ae020a0 Uncommon trap: reason=class_check action=maybe_recompile pc=0x000002135a195bb4 method=java.io.DataInputStream.readUnsignedByte()I @ 4 c2
Event: 1.304 Thread 0x000002136ae020a0 DEOPT PACKING pc=0x000002135a195bb4 sp=0x000000b0fb3fb5c0
Event: 1.304 Thread 0x000002136ae020a0 DEOPT UNPACKING pc=0x0000021359be66a3 sp=0x000000b0fb3fb518 mode 2
Event: 1.304 Thread 0x000002136ae020a0 Uncommon trap: trap_request=0xffffffde fr.pc=0x000002135a195bb4 relative=0x0000000000000294
Event: 1.304 Thread 0x000002136ae020a0 Uncommon trap: reason=class_check action=maybe_recompile pc=0x000002135a195bb4 method=java.io.DataInputStream.readUnsignedByte()I @ 4 c2
Event: 1.304 Thread 0x000002136ae020a0 DEOPT PACKING pc=0x000002135a195bb4 sp=0x000000b0fb3fb5c0
Event: 1.304 Thread 0x000002136ae020a0 DEOPT UNPACKING pc=0x0000021359be66a3 sp=0x000000b0fb3fb518 mode 2
Event: 1.304 Thread 0x000002136ae020a0 Uncommon trap: trap_request=0xffffffde fr.pc=0x000002135a191bb8 relative=0x00000000000013b8
Event: 1.304 Thread 0x000002136ae020a0 Uncommon trap: reason=class_check action=maybe_recompile pc=0x000002135a191bb8 method=java.io.DataInputStream.readUnsignedShort()I @ 6 c2
Event: 1.304 Thread 0x000002136ae020a0 DEOPT PACKING pc=0x000002135a191bb8 sp=0x000000b0fb3fb470
Event: 1.304 Thread 0x000002136ae020a0 DEOPT UNPACKING pc=0x0000021359be66a3 sp=0x000000b0fb3fb3f0 mode 2
Event: 1.304 Thread 0x000002136ae020a0 Uncommon trap: trap_request=0xffffffde fr.pc=0x000002135a191bb8 relative=0x00000000000013b8
Event: 1.304 Thread 0x000002136ae020a0 Uncommon trap: reason=class_check action=maybe_recompile pc=0x000002135a191bb8 method=java.io.DataInputStream.readUnsignedShort()I @ 6 c2
Event: 1.304 Thread 0x000002136ae020a0 DEOPT PACKING pc=0x000002135a191bb8 sp=0x000000b0fb3fb470
Event: 1.304 Thread 0x000002136ae020a0 DEOPT UNPACKING pc=0x0000021359be66a3 sp=0x000000b0fb3fb3f0 mode 2

Classes unloaded (0 events):
No events

Classes redefined (0 events):
No events

Internal exceptions (20 events):
Event: 0.571 Thread 0x000002134e1f6280 Exception <a 'java/io/FileNotFoundException'{0x00000000eb885558}> (0x00000000eb885558) 
thrown [s\src\hotspot\share\prims\jni.cpp, line 516]
Event: 0.576 Thread 0x000002134e1f6280 Exception <a 'java/io/FileNotFoundException'{0x00000000eb8bfe90}> (0x00000000eb8bfe90) 
thrown [s\src\hotspot\share\prims\jni.cpp, line 516]
Event: 0.685 Thread 0x000002134e1f6280 Exception <a 'java/lang/ClassNotFoundException'{0x00000000ec0ca518}: sun/net/www/protocol/c/Handler> (0x00000000ec0ca518) 
thrown [s\src\hotspot\share\classfile\systemDictionary.cpp, line 256]
Event: 0.686 Thread 0x000002134e1f6280 Exception <a 'java/lang/ClassNotFoundException'{0x00000000ec0cb8d8}: sun/net/www/protocol/c/Handler> (0x00000000ec0cb8d8) 
thrown [s\src\hotspot\share\classfile\systemDictionary.cpp, line 256]
Event: 0.686 Thread 0x000002134e1f6280 Exception <a 'java/lang/ClassNotFoundException'{0x00000000ec0ccaf0}: sun/net/www/protocol/c/Handler> (0x00000000ec0ccaf0) 
thrown [s\src\hotspot\share\classfile\systemDictionary.cpp, line 256]
Event: 0.703 Thread 0x000002134e1f6280 Exception <a 'java/io/FileNotFoundException'{0x00000000ec0f05a0}> (0x00000000ec0f05a0) 
thrown [s\src\hotspot\share\prims\jni.cpp, line 516]
Event: 0.757 Thread 0x000002134e1f6280 Exception <a 'java/lang/NoSuchMethodError'{0x00000000ec3ce890}: 'int java.lang.invoke.DirectMethodHandle$Holder.invokeStaticInit(java.lang.Object, java.lang.Object, java.lang.Object, java.lang.Object)'> (0x00000000ec3ce890) 
thrown [s\src\hotspot\share\interpreter\linkResolver.cpp, line 759]
Event: 0.758 Thread 0x000002134e1f6280 Exception <a 'java/lang/NoSuchMethodError'{0x00000000ec3d8f00}: 'java.lang.Object java.lang.invoke.DirectMethodHandle$Holder.invokeInterface(java.lang.Object, java.lang.Object)'> (0x00000000ec3d8f00) 
thrown [s\src\hotspot\share\interpreter\linkResolver.cpp, line 759]
Event: 0.758 Thread 0x000002134e1f6280 Exception <a 'java/lang/IncompatibleClassChangeError'{0x00000000ec3dc6f8}: Found class java.lang.Object, but interface was expected> (0x00000000ec3dc6f8) 
thrown [s\src\hotspot\share\interpreter\linkResolver.cpp, line 826]
Event: 0.758 Thread 0x000002134e1f6280 Exception <a 'java/lang/NoSuchMethodError'{0x00000000ec3e0be8}: 'void java.lang.invoke.DirectMethodHandle$Holder.invokeStatic(java.lang.Object, java.lang.Object)'> (0x00000000ec3e0be8) 
thrown [s\src\hotspot\share\interpreter\linkResolver.cpp, line 759]
Event: 0.759 Thread 0x000002134e1f6280 Exception <a 'java/lang/NoSuchMethodError'{0x00000000ec3e43e8}: 'void java.lang.invoke.DirectMethodHandle$Holder.invokeStaticInit(java.lang.Object, java.lang.Object)'> (0x00000000ec3e43e8) 
thrown [s\src\hotspot\share\interpreter\linkResolver.cpp, line 759]
Event: 0.759 Thread 0x000002134e1f6280 Exception <a 'java/lang/NoSuchMethodError'{0x00000000ec3ebcb8}: 'int java.lang.invoke.DirectMethodHandle$Holder.invokeStaticInit(java.lang.Object, java.lang.Object)'> (0x00000000ec3ebcb8) 
thrown [s\src\hotspot\share\interpreter\linkResolver.cpp, line 759]
Event: 0.801 Thread 0x000002134e1f6280 Exception <a 'java/lang/NoSuchMethodError'{0x00000000eac15d80}: 'void java.lang.invoke.DirectMethodHandle$Holder.invokeSpecial(java.lang.Object, java.lang.Object, java.lang.Object)'> (0x00000000eac15d80) 
thrown [s\src\hotspot\share\interpreter\linkResolver.cpp, line 759]
Event: 0.960 Thread 0x000002134e1f6280 Exception <a 'java/lang/NoSuchMethodError'{0x00000000eb955ac0}: 'java.lang.Object java.lang.invoke.DirectMethodHandle$Holder.newInvokeSpecial(java.lang.Object, int, java.lang.Object)'> (0x00000000eb955ac0) 
thrown [s\src\hotspot\share\interpreter\linkResolver.cpp, line 759]
Event: 1.041 Thread 0x000002134e1f6280 Exception <a 'java/lang/UnsatisfiedLinkError'{0x00000000ebec5b90}: 'void org.eclipse.equinox.launcher.JNIBridge._update_splash()'> (0x00000000ebec5b90) 
thrown [s\src\hotspot\share\prims\nativeLookup.cpp, line 543]
Event: 1.085 Thread 0x000002136ae020a0 Exception <a 'java/lang/NoSuchMethodError'{0x00000000ec1eb408}: 'java.lang.Object java.lang.invoke.DirectMethodHandle$Holder.invokeStaticInit(java.lang.Object)'> (0x00000000ec1eb408) 
thrown [s\src\hotspot\share\interpreter\linkResolver.cpp, line 759]
Event: 1.109 Thread 0x000002136ae020a0 Exception <a 'java/lang/NullPointerException'{0x00000000ec330da8}> (0x00000000ec330da8) 
thrown [s\src\hotspot\share\interpreter\linkResolver.cpp, line 1350]
Event: 1.109 Thread 0x000002136ae020a0 Exception <a 'java/lang/NullPointerException'{0x00000000ec331080}> (0x00000000ec331080) 
thrown [s\src\hotspot\share\interpreter\linkResolver.cpp, line 1350]
Event: 1.298 Thread 0x000002136ae020a0 Exception <a 'java/io/FileNotFoundException'{0x00000000eb5ea530}> (0x00000000eb5ea530) 
thrown [s\src\hotspot\share\prims\jni.cpp, line 516]
Event: 1.334 Thread 0x000002136ae020a0 Exception <a 'java/lang/NoSuchMethodError'{0x00000000eb784690}: 'java.lang.Object java.lang.invoke.Invokers$Holder.invokeExact_MT(java.lang.Object, java.lang.Object, java.lang.Object, java.lang.Object, java.lang.Object, java.lang.Object)'> (0x00000000eb784690) 
thrown [s\src\hotspot\share\interpreter\linkResolver.cpp, line 759]

VM Operations (20 events):
Event: 0.555 Executing VM operation: HandshakeAllThreads
Event: 0.555 Executing VM operation: HandshakeAllThreads done
Event: 0.562 Executing VM operation: HandshakeAllThreads
Event: 0.562 Executing VM operation: HandshakeAllThreads done
Event: 0.751 Executing VM operation: ICBufferFull
Event: 0.751 Executing VM operation: ICBufferFull done
Event: 0.760 Executing VM operation: ParallelGCFailedAllocation
Event: 0.766 Executing VM operation: ParallelGCFailedAllocation done
Event: 0.939 Executing VM operation: HandshakeAllThreads
Event: 0.939 Executing VM operation: HandshakeAllThreads done
Event: 0.939 Executing VM operation: HandshakeAllThreads
Event: 0.939 Executing VM operation: HandshakeAllThreads done
Event: 0.944 Executing VM operation: HandshakeAllThreads
Event: 0.944 Executing VM operation: HandshakeAllThreads done
Event: 0.955 Executing VM operation: HandshakeAllThreads
Event: 0.955 Executing VM operation: HandshakeAllThreads done
Event: 1.107 Executing VM operation: HandshakeAllThreads
Event: 1.107 Executing VM operation: HandshakeAllThreads done
Event: 1.123 Executing VM operation: ParallelGCFailedAllocation
Event: 1.128 Executing VM operation: ParallelGCFailedAllocation done

Events (20 events):
Event: 1.209 loading class java/util/concurrent/locks/ReentrantLock$FairSync
Event: 1.209 loading class java/util/concurrent/locks/ReentrantLock$FairSync done
Event: 1.210 loading class java/util/Collections$ReverseComparator
Event: 1.210 loading class java/util/Collections$ReverseComparator done
Event: 1.253 loading class java/lang/CloneNotSupportedException
Event: 1.253 loading class java/lang/CloneNotSupportedException done
Event: 1.277 loading class java/util/TreeMap$Values
Event: 1.277 loading class java/util/TreeMap$Values done
Event: 1.277 loading class java/util/TreeMap$ValueIterator
Event: 1.277 loading class java/util/TreeMap$ValueIterator done
Event: 1.292 loading class java/nio/file/NoSuchFileException
Event: 1.292 loading class java/nio/file/FileSystemException
Event: 1.292 loading class java/nio/file/FileSystemException done
Event: 1.292 loading class java/nio/file/NoSuchFileException done
Event: 1.333 loading class java/lang/StackWalker$Option
Event: 1.333 loading class java/lang/StackWalker$Option done
Event: 1.335 loading class java/util/Comparators$NaturalOrderComparator
Event: 1.335 loading class java/util/Comparators$NaturalOrderComparator done
Event: 1.335 loading class java/util/Collections$ReverseComparator2
Event: 1.335 loading class java/util/Collections$ReverseComparator2 done


Dynamic libraries:
0x00007ff75ccb0000 - 0x00007ff75ccbe000 	c:\Users\ananda_riza\.vscode\extensions\redhat.java-1.31.0-win32-x64\jre\17.0.11-win32-x86_64\bin\java.exe
0x00007ff85fbf0000 - 0x00007ff85fde8000 	C:\WINDOWS\SYSTEM32\ntdll.dll
0x00007ff85f790000 - 0x00007ff85f84d000 	C:\WINDOWS\System32\KERNEL32.DLL
0x00007ff85d440000 - 0x00007ff85d736000 	C:\WINDOWS\System32\KERNELBASE.dll
0x00007ff851a90000 - 0x00007ff851aa7000 	c:\Users\ananda_riza\.vscode\extensions\redhat.java-1.31.0-win32-x64\jre\17.0.11-win32-x86_64\bin\jli.dll
0x00007ff851a60000 - 0x00007ff851a7b000 	c:\Users\ananda_riza\.vscode\extensions\redhat.java-1.31.0-win32-x64\jre\17.0.11-win32-x86_64\bin\VCRUNTIME140.dll
0x00007ff85dac0000 - 0x00007ff85dbc0000 	C:\WINDOWS\System32\ucrtbase.dll
0x00007ff85e120000 - 0x00007ff85e2bf000 	C:\WINDOWS\System32\USER32.dll
0x00007ff85d820000 - 0x00007ff85d842000 	C:\WINDOWS\System32\win32u.dll
0x00007ff85e2c0000 - 0x00007ff85e2eb000 	C:\WINDOWS\System32\GDI32.dll
0x00007ff85d9a0000 - 0x00007ff85dab7000 	C:\WINDOWS\System32\gdi32full.dll
0x00007ff85d900000 - 0x00007ff85d99d000 	C:\WINDOWS\System32\msvcp_win.dll
0x00007ff840710000 - 0x00007ff8409aa000 	C:\WINDOWS\WinSxS\amd64_microsoft.windows.common-controls_6595b64144ccf1df_6.0.19041.4355_none_60b8b9eb71f62e16\COMCTL32.dll
0x00007ff85f6f0000 - 0x00007ff85f78e000 	C:\WINDOWS\System32\msvcrt.dll
0x00007ff85e0e0000 - 0x00007ff85e112000 	C:\WINDOWS\System32\IMM32.DLL
0x00007ff851a50000 - 0x00007ff851a5c000 	c:\Users\ananda_riza\.vscode\extensions\redhat.java-1.31.0-win32-x64\jre\17.0.11-win32-x86_64\bin\vcruntime140_1.dll
0x00007ff828b60000 - 0x00007ff828bed000 	c:\Users\ananda_riza\.vscode\extensions\redhat.java-1.31.0-win32-x64\jre\17.0.11-win32-x86_64\bin\msvcp140.dll
0x00007fffab7a0000 - 0x00007fffac402000 	c:\Users\ananda_riza\.vscode\extensions\redhat.java-1.31.0-win32-x64\jre\17.0.11-win32-x86_64\bin\server\jvm.dll
0x00007ff85f4c0000 - 0x00007ff85f570000 	C:\WINDOWS\System32\ADVAPI32.dll
0x00007ff85df80000 - 0x00007ff85e020000 	C:\WINDOWS\System32\sechost.dll
0x00007ff85dbf0000 - 0x00007ff85dd13000 	C:\WINDOWS\System32\RPCRT4.dll
0x00007ff85dbc0000 - 0x00007ff85dbe7000 	C:\WINDOWS\System32\bcrypt.dll
0x00007ff83f8c0000 - 0x00007ff83f8c9000 	C:\WINDOWS\SYSTEM32\WSOCK32.dll
0x00007ff8536a0000 - 0x00007ff8536aa000 	C:\WINDOWS\SYSTEM32\VERSION.dll
0x00007ff8530c0000 - 0x00007ff8530e7000 	C:\WINDOWS\SYSTEM32\WINMM.dll
0x00007ff85c7f0000 - 0x00007ff85c83b000 	C:\WINDOWS\SYSTEM32\POWRPROF.dll
0x00007ff85fb10000 - 0x00007ff85fb7b000 	C:\WINDOWS\System32\WS2_32.dll
0x00007ff85c660000 - 0x00007ff85c672000 	C:\WINDOWS\SYSTEM32\UMPDC.dll
0x00007ff85bc50000 - 0x00007ff85bc62000 	C:\WINDOWS\SYSTEM32\kernel.appcore.dll
0x00007ff84fa50000 - 0x00007ff84fa5a000 	c:\Users\ananda_riza\.vscode\extensions\redhat.java-1.31.0-win32-x64\jre\17.0.11-win32-x86_64\bin\jimage.dll
0x00007ff85ae00000 - 0x00007ff85afe4000 	C:\WINDOWS\SYSTEM32\DBGHELP.DLL
0x00007ff83cb60000 - 0x00007ff83cb94000 	C:\WINDOWS\SYSTEM32\dbgcore.DLL
0x00007ff85d790000 - 0x00007ff85d812000 	C:\WINDOWS\System32\bcryptPrimitives.dll
0x00007ff84fa10000 - 0x00007ff84fa1e000 	c:\Users\ananda_riza\.vscode\extensions\redhat.java-1.31.0-win32-x64\jre\17.0.11-win32-x86_64\bin\instrument.dll
0x00007ff839740000 - 0x00007ff839765000 	c:\Users\ananda_riza\.vscode\extensions\redhat.java-1.31.0-win32-x64\jre\17.0.11-win32-x86_64\bin\java.dll
0x00007ff84b110000 - 0x00007ff84b128000 	c:\Users\ananda_riza\.vscode\extensions\redhat.java-1.31.0-win32-x64\jre\17.0.11-win32-x86_64\bin\zip.dll
0x00007ff85e8e0000 - 0x00007ff85f04b000 	C:\WINDOWS\System32\SHELL32.dll
0x00007ff85aff0000 - 0x00007ff85b78d000 	C:\WINDOWS\SYSTEM32\windows.storage.dll
0x00007ff85e300000 - 0x00007ff85e653000 	C:\WINDOWS\System32\combase.dll
0x00007ff85cc90000 - 0x00007ff85ccbe000 	C:\WINDOWS\SYSTEM32\Wldp.dll
0x00007ff85e810000 - 0x00007ff85e8dd000 	C:\WINDOWS\System32\OLEAUT32.dll
0x00007ff85f850000 - 0x00007ff85f8fd000 	C:\WINDOWS\System32\SHCORE.dll
0x00007ff85de40000 - 0x00007ff85de95000 	C:\WINDOWS\System32\shlwapi.dll
0x00007ff85d1a0000 - 0x00007ff85d1c4000 	C:\WINDOWS\SYSTEM32\profapi.dll
0x00007ff849520000 - 0x00007ff849539000 	C:\Users\ananda_riza\.vscode\extensions\redhat.java-1.31.0-win32-x64\jre\17.0.11-win32-x86_64\bin\net.dll
0x00007ff856410000 - 0x00007ff85651a000 	C:\WINDOWS\SYSTEM32\WINHTTP.dll
0x00007ff85c9f0000 - 0x00007ff85ca5a000 	C:\WINDOWS\system32\mswsock.dll
0x00007ff8488f0000 - 0x00007ff848906000 	C:\Users\ananda_riza\.vscode\extensions\redhat.java-1.31.0-win32-x64\jre\17.0.11-win32-x86_64\bin\nio.dll
0x00007ff84fa00000 - 0x00007ff84fa10000 	c:\Users\ananda_riza\.vscode\extensions\redhat.java-1.31.0-win32-x64\jre\17.0.11-win32-x86_64\bin\verify.dll
0x00007ff8389b0000 - 0x00007ff8389f4000 	C:\Users\ananda_riza\AppData\Roaming\Code\User\globalStorage\redhat.java\1.31.0\config_ss_win\org.eclipse.equinox.launcher\org.eclipse.equinox.launcher.win32.win32.x86_64_1.2.1000.v20240507-1834\eclipse_11902.dll
0x00007ff85f960000 - 0x00007ff85fa8b000 	C:\WINDOWS\System32\ole32.dll

dbghelp: loaded successfully - version: 4.0.5 - missing functions: none
symbol engine: initialized successfully - sym options: 0x614 - pdb path: .;c:\Users\ananda_riza\.vscode\extensions\redhat.java-1.31.0-win32-x64\jre\17.0.11-win32-x86_64\bin;C:\WINDOWS\SYSTEM32;C:\WINDOWS\WinSxS\amd64_microsoft.windows.common-controls_6595b64144ccf1df_6.0.19041.4355_none_60b8b9eb71f62e16;c:\Users\ananda_riza\.vscode\extensions\redhat.java-1.31.0-win32-x64\jre\17.0.11-win32-x86_64\bin\server;C:\Users\ananda_riza\AppData\Roaming\Code\User\globalStorage\redhat.java\1.31.0\config_ss_win\org.eclipse.equinox.launcher\org.eclipse.equinox.launcher.win32.win32.x86_64_1.2.1000.v20240507-1834

VM Arguments:
jvm_args: --add-modules=ALL-SYSTEM --add-opens=java.base/java.util=ALL-UNNAMED --add-opens=java.base/java.lang=ALL-UNNAMED --add-opens=java.base/sun.nio.fs=ALL-UNNAMED -Declipse.application=org.eclipse.jdt.ls.core.id1 -Dosgi.bundles.defaultStartLevel=4 -Declipse.product=org.eclipse.jdt.ls.core.product -Djava.import.generatesMetadataFilesAtProjectRoot=false -DDetectVMInstallationsJob.disabled=true -Dfile.encoding=utf8 -XX:+UseParallelGC -XX:GCTimeRatio=4 -XX:AdaptiveSizePolicyWeight=90 -Dsun.zip.disableMemoryMapping=true -Xmx1G -Xms100m -Xlog:disable -javaagent:c:\Users\ananda_riza\.vscode\extensions\redhat.java-1.31.0-win32-x64\lombok\lombok-1.18.32.jar 
java_command: c:\Users\ananda_riza\.vscode\extensions\redhat.java-1.31.0-win32-x64\server\plugins\org.eclipse.equinox.launcher_1.6.800.v20240513-1750.jar -configuration c:\Users\ananda_riza\AppData\Roaming\Code\User\globalStorage\redhat.java\1.31.0\config_ss_win -data c:\Users\ananda_riza\AppData\Roaming\Code\User\workspaceStorage\7f9076c6b095cb1f4aff492e75ecf402\redhat.java\ss_ws --pipe=\\.\pipe\lsp-83795c1f01ff664faa73ad952d92e295-sock
java_class_path (initial): c:\Users\ananda_riza\.vscode\extensions\redhat.java-1.31.0-win32-x64\server\plugins\org.eclipse.equinox.launcher_1.6.800.v20240513-1750.jar
Launcher Type: SUN_STANDARD

[Global flags]
    uintx AdaptiveSizePolicyWeight                 = 90                                        {product} {command line}
     intx CICompilerCount                          = 4                                         {product} {ergonomic}
    uintx GCTimeRatio                              = 4                                         {product} {command line}
   size_t InitialHeapSize                          = 104857600                                 {product} {command line}
   size_t MaxHeapSize                              = 1073741824                                {product} {command line}
   size_t MaxNewSize                               = 357564416                                 {product} {ergonomic}
   size_t MinHeapDeltaBytes                        = 524288                                    {product} {ergonomic}
   size_t MinHeapSize                              = 104857600                                 {product} {command line}
   size_t NewSize                                  = 34603008                                  {product} {ergonomic}
    uintx NonNMethodCodeHeapSize                   = 5839372                                {pd product} {ergonomic}
    uintx NonProfiledCodeHeapSize                  = 122909434                              {pd product} {ergonomic}
   size_t OldSize                                  = 70254592                                  {product} {ergonomic}
    uintx ProfiledCodeHeapSize                     = 122909434                              {pd product} {ergonomic}
    uintx ReservedCodeCacheSize                    = 251658240                              {pd product} {ergonomic}
     bool SegmentedCodeCache                       = true                                      {product} {ergonomic}
   size_t SoftMaxHeapSize                          = 1073741824                             {manageable} {ergonomic}
     bool UseCompressedClassPointers               = true                           {product lp64_product} {ergonomic}
     bool UseCompressedOops                        = true                           {product lp64_product} {ergonomic}
     bool UseLargePagesIndividualAllocation        = false                                  {pd product} {ergonomic}
     bool UseParallelGC                            = true                                      {product} {command line}

Logging:
Log output configuration:
 #0: stdout all=off uptime,level,tags
 #1: stderr all=off uptime,level,tags

Environment Variables:
PATH=C:\Python312\Scripts\;C:\Python312\;C:\Program Files\Common Files\Oracle\Java\javapath;C:\WINDOWS\system32;C:\WINDOWS;C:\WINDOWS\System32\Wbem;C:\WINDOWS\System32\WindowsPowerShell\v1.0\;C:\WINDOWS\System32\OpenSSH\;C:\Program Files (x86)\CheckPoint\Endpoint Security\Endpoint Common\bin;C:\Program Files\nodejs\;C:\ProgramData\chocolatey\bin;C:\Program Files (x86)\Microsoft SQL Server\160\DTS\Binn\;C:\Users\ananda_riza\AppData\Local\Programs\Python\Launcher\;C:\Users\ananda_riza\AppData\Local\Microsoft\WindowsApps;C:\Users\ananda_riza\AppData\Local\Programs\Microsoft VS Code\bin;C:\Users\ananda_riza\AppData\Local\Programs\Git\cmd;C:\Users\ananda_riza\AppData\Local\GitHubDesktop\bin;C:\Users\ananda_riza\AppData\Roaming\npm
USERNAME=ananda_riza
OS=Windows_NT
PROCESSOR_IDENTIFIER=Intel64 Family 6 Model 151 Stepping 5, GenuineIntel
TMP=C:\Users\ANANDA~1\AppData\Local\Temp
TEMP=C:\Users\ANANDA~1\AppData\Local\Temp



Periodic native trim disabled


---------------  S Y S T E M  ---------------

OS:
 Windows 10 , 64 bit Build 19041 (10.0.19041.3636)
OS uptime: 2 days 7:37 hours

CPU: total 12 (initial active 12) (6 cores per cpu, 2 threads per core) family 6 model 151 stepping 5 microcode 0x1e, cx8, cmov, fxsr, ht, mmx, 3dnowpref, sse, sse2, sse3, ssse3, sse4.1, sse4.2, popcnt, lzcnt, tsc, tscinvbit, avx, avx2, aes, erms, clmul, bmi1, bmi2, adx, sha, fma, vzeroupper, clflush, clflushopt, clwb
Processor Information for all 12 processors :
  Max Mhz: 2500, Current Mhz: 2500, Mhz Limit: 2500

Memory: 4k page, system-wide physical 7907M (53M free)
TotalPageFile size 32483M (AvailPageFile size 1M)
current process WorkingSet (physical memory assigned to process): 95M, peak: 95M
current process commit charge ("private bytes"): 216M, peak: 217M

vm_info: OpenJDK 64-Bit Server VM (17.0.11+9) for windows-amd64 JRE (17.0.11+9), built on Apr 17 2024 06:07:48 by "admin" with MS VC++ 16.10 / 16.11 (VS2019)

END.
